#
# There is insufficient memory for the Java Runtime Environment to continue.
# Native memory allocation (malloc) failed to allocate 1048576 bytes. Error detail: AllocateHeap
# Possible reasons:
#   The system is out of physical RAM or swap space
#   This process is running with CompressedOops enabled, and the Java Heap may be blocking the growth of the native heap
# Possible solutions:
#   Reduce memory load on the system
#   Increase physical memory or swap space
#   Check if swap backing store is full
#   Decrease Java heap size (-Xmx/-Xms)
#   Decrease number of Java threads
#   Decrease Java thread stack sizes (-Xss)
#   Set larger code cache with -XX:ReservedCodeCacheSize=
#   JVM is running with Unscaled Compressed Oops mode in which the Java heap is
#     placed in the first 4GB address space. The Java Heap base address is the
#     maximum limit for the native heap growth. Please use -XX:HeapBaseMinAddress
#     to set the Java Heap base and to place the Java Heap above 4GB virtual address.
# This output file may be truncated or incomplete.
#
#  Out of Memory Error (allocation.cpp:44), pid=18280, tid=12676
#
# JRE version:  (21.0.8+1) (build )
# Java VM: OpenJDK 64-Bit Server VM (21.0.8+1-b1038.68, mixed mode, sharing, tiered, compressed oops, compressed class ptrs, g1 gc, windows-amd64)
# No core dump will be written. Minidumps are not enabled by default on client versions of Windows
#

---------------  S U M M A R Y ------------

Command Line: git4idea.http.GitAskPassApp Username for 'https://github.com': 

Host: AMD Ryzen 5 5600H with Radeon Graphics         , 12 cores, 7G,  Windows 11 , 64 bit Build 26100 (10.0.26100.5074)
Time: Sat Sep 20 22:36:37 2025 India Standard Time elapsed time: 2.023468 seconds (0d 0h 0m 2s)

---------------  T H R E A D  ---------------

Current thread (0x000001dc1bbc5520):  JavaThread "Unknown thread" [_thread_in_vm, id=12676, stack(0x0000000aa8c00000,0x0000000aa8d00000) (1024K)]

Stack: [0x0000000aa8c00000,0x0000000aa8d00000]
Native frames: (J=compiled Java code, j=interpreted, Vv=VM code, C=native code)
V  [jvm.dll+0x6ebeb9]
V  [jvm.dll+0x8cbec3]
V  [jvm.dll+0x8ce47e]
V  [jvm.dll+0x8ceb63]
V  [jvm.dll+0x28adf6]
V  [jvm.dll+0xc16b7]
V  [jvm.dll+0x3416b5]
V  [jvm.dll+0x339d91]
V  [jvm.dll+0x893349]
V  [jvm.dll+0x3cda98]
V  [jvm.dll+0x87c368]
V  [jvm.dll+0x46283e]
V  [jvm.dll+0x464521]
C  [jli.dll+0x52ab]
C  [ucrtbase.dll+0x37b0]
C  [KERNEL32.DLL+0x2e8d7]
C  [ntdll.dll+0x8d9c]


---------------  P R O C E S S  ---------------

Threads class SMR info:
_java_thread_list=0x00007ffe8b8632c8, length=0, elements={
}

Java Threads: ( => current thread )
Total: 0

Other Threads:
  0x000001dc1e02b8e0 WorkerThread "GC Thread#0"                     [id=13680, stack(0x0000000aa8d00000,0x0000000aa8e00000) (1024K)]

[error occurred during error reporting (printing all threads), id 0xc0000005, EXCEPTION_ACCESS_VIOLATION (0xc0000005) at pc=0x00007ffe8af462a0]
VM state: not at safepoint (not fully initialized)

VM Mutex/Monitor currently owned by a thread:  ([mutex/lock_event])
[0x00007ffe8b8d7d58] Heap_lock - owner thread: 0x000001dc1bbc5520

Heap address: 0x000000008a600000, size: 1882 MB, Compressed Oops mode: 32-bit

CDS archive(s) mapped at: [0x0000000000000000-0x0000000000000000-0x0000000000000000), size 0, SharedBaseAddress: 0x0000000800000000, ArchiveRelocationMode: 1.
Narrow klass base: 0x0000000000000000, Narrow klass shift: 0, Narrow klass range: 0x0

GC Precious Log:
 CardTable entry size: 512
 Card Set container configuration: InlinePtr #cards 5 size 8 Array Of Cards #cards 12 size 40 Howl #buckets 4 coarsen threshold 1843 Howl Bitmap #cards 512 size 80 coarsen threshold 460 Card regions per heap region 1 cards per card region 2048

Heap:
 garbage-first heap   total 0K, used 0K [0x000000008a600000, 0x0000000100000000)
  region size 1024K, 0 young (0K), 0 survivors (0K)
 Metaspace       used 0K, committed 0K, reserved 0K
  class space    used 0K, committed 0K, reserved 0K

Heap Regions: E=young(eden), S=young(survivor), O=old, HS=humongous(starts), HC=humongous(continues), CS=collection set, F=free, TAMS=top-at-mark-start, PB=parsable bottom

Card table byte_map: [0x000001dc31920000,0x000001dc31cd0000] _byte_map_base: 0x000001dc314cd000

GC Heap History (0 events):
No events

Dll operation events (1 events):
Event: 0.008 Loaded shared library C:\Program Files\JetBrains\IntelliJ IDEA Community Edition 2025.2.1\jbr\bin\java.dll

Deoptimization events (0 events):
No events

Classes loaded (0 events):
No events

Classes unloaded (0 events):
No events

Classes redefined (0 events):
No events

Internal exceptions (0 events):
No events

ZGC Phase Switch (0 events):
No events

VM Operations (0 events):
No events

Memory protections (0 events):
No events

Nmethod flushes (0 events):
No events

Events (0 events):
No events


Dynamic libraries:
0x00007ff673ba0000 - 0x00007ff673baa000 	C:\Program Files\JetBrains\IntelliJ IDEA Community Edition 2025.2.1\jbr\bin\java.exe
0x00007fff33240000 - 0x00007fff334a9000 	C:\WINDOWS\SYSTEM32\ntdll.dll
0x00007fff31670000 - 0x00007fff31739000 	C:\WINDOWS\System32\KERNEL32.DLL
0x00007fff30540000 - 0x00007fff30933000 	C:\WINDOWS\System32\KERNELBASE.dll
0x00007fff30e00000 - 0x00007fff30f4b000 	C:\WINDOWS\System32\ucrtbase.dll
0x00007fff237c0000 - 0x00007fff237db000 	C:\Program Files\JetBrains\IntelliJ IDEA Community Edition 2025.2.1\jbr\bin\VCRUNTIME140.dll
0x00007fff22280000 - 0x00007fff22298000 	C:\Program Files\JetBrains\IntelliJ IDEA Community Edition 2025.2.1\jbr\bin\jli.dll
0x00007fff31920000 - 0x00007fff31ae4000 	C:\WINDOWS\System32\USER32.dll
0x00007fff30a70000 - 0x00007fff30a97000 	C:\WINDOWS\System32\win32u.dll
0x00007fff330f0000 - 0x00007fff3311b000 	C:\WINDOWS\System32\GDI32.dll
0x00007fff15c00000 - 0x00007fff15e93000 	C:\WINDOWS\WinSxS\amd64_microsoft.windows.common-controls_6595b64144ccf1df_6.0.26100.5074_none_3e0d6f78e32fd63f\COMCTL32.dll
0x00007fff30cd0000 - 0x00007fff30dfd000 	C:\WINDOWS\System32\gdi32full.dll
0x00007fff32550000 - 0x00007fff325f9000 	C:\WINDOWS\System32\msvcrt.dll
0x00007fff30c20000 - 0x00007fff30cc3000 	C:\WINDOWS\System32\msvcp_win.dll
0x00007fff31560000 - 0x00007fff3158f000 	C:\WINDOWS\System32\IMM32.DLL
0x00007fff23790000 - 0x00007fff2379c000 	C:\Program Files\JetBrains\IntelliJ IDEA Community Edition 2025.2.1\jbr\bin\vcruntime140_1.dll
0x00007fff07220000 - 0x00007fff072ad000 	C:\Program Files\JetBrains\IntelliJ IDEA Community Edition 2025.2.1\jbr\bin\msvcp140.dll
0x00007ffe8ac00000 - 0x00007ffe8b9cb000 	C:\Program Files\JetBrains\IntelliJ IDEA Community Edition 2025.2.1\jbr\bin\server\jvm.dll
0x00007fff31030000 - 0x00007fff310e4000 	C:\WINDOWS\System32\ADVAPI32.dll
0x00007fff323a0000 - 0x00007fff32446000 	C:\WINDOWS\System32\sechost.dll
0x00007fff327f0000 - 0x00007fff32908000 	C:\WINDOWS\System32\RPCRT4.dll
0x00007fff31bf0000 - 0x00007fff31c64000 	C:\WINDOWS\System32\WS2_32.dll
0x00007fff30230000 - 0x00007fff3028e000 	C:\WINDOWS\SYSTEM32\POWRPROF.dll
0x00007fff27ab0000 - 0x00007fff27ae5000 	C:\WINDOWS\SYSTEM32\WINMM.dll
0x00007fff284f0000 - 0x00007fff284fb000 	C:\WINDOWS\SYSTEM32\VERSION.dll
0x00007fff30210000 - 0x00007fff30224000 	C:\WINDOWS\SYSTEM32\UMPDC.dll
0x00007fff2f190000 - 0x00007fff2f1ab000 	C:\WINDOWS\SYSTEM32\kernel.appcore.dll
0x00007fff23650000 - 0x00007fff2365a000 	C:\Program Files\JetBrains\IntelliJ IDEA Community Edition 2025.2.1\jbr\bin\jimage.dll
0x00007fff23b80000 - 0x00007fff23dc2000 	C:\WINDOWS\SYSTEM32\DBGHELP.DLL
0x00007fff31150000 - 0x00007fff314cb000 	C:\WINDOWS\System32\combase.dll
0x00007fff33120000 - 0x00007fff331f7000 	C:\WINDOWS\System32\OLEAUT32.dll
0x00007fff12ce0000 - 0x00007fff12d1d000 	C:\WINDOWS\SYSTEM32\dbgcore.DLL
0x00007fff309d0000 - 0x00007fff30a69000 	C:\WINDOWS\System32\bcryptPrimitives.dll
0x00007fff232d0000 - 0x00007fff232f0000 	C:\Program Files\JetBrains\IntelliJ IDEA Community Edition 2025.2.1\jbr\bin\java.dll

JVMTI agents: none

dbghelp: loaded successfully - version: 4.0.5 - missing functions: none
symbol engine: initialized successfully - sym options: 0x614 - pdb path: .;C:\Program Files\JetBrains\IntelliJ IDEA Community Edition 2025.2.1\jbr\bin;C:\WINDOWS\SYSTEM32;C:\WINDOWS\WinSxS\amd64_microsoft.windows.common-controls_6595b64144ccf1df_6.0.26100.5074_none_3e0d6f78e32fd63f;C:\Program Files\JetBrains\IntelliJ IDEA Community Edition 2025.2.1\jbr\bin\server

VM Arguments:
java_command: git4idea.http.GitAskPassApp Username for 'https://github.com': 
java_class_path (initial): C:/Program Files/JetBrains/IntelliJ IDEA Community Edition 2025.2.1/plugins/vcs-git/lib/git4idea-rt.jar;C:/Program Files/JetBrains/IntelliJ IDEA Community Edition 2025.2.1/lib/externalProcess-rt.jar
Launcher Type: SUN_STANDARD

[Global flags]
     intx CICompilerCount                          = 4                                         {product} {ergonomic}
     uint ConcGCThreads                            = 3                                         {product} {ergonomic}
     uint G1ConcRefinementThreads                  = 10                                        {product} {ergonomic}
   size_t G1HeapRegionSize                         = 1048576                                   {product} {ergonomic}
    uintx GCDrainStackTargetSize                   = 64                                        {product} {ergonomic}
   size_t InitialHeapSize                          = 123731968                                 {product} {ergonomic}
   size_t MarkStackSize                            = 4194304                                   {product} {ergonomic}
   size_t MaxHeapSize                              = 1973420032                                {product} {ergonomic}
   size_t MinHeapDeltaBytes                        = 1048576                                   {product} {ergonomic}
   size_t MinHeapSize                              = 8388608                                   {product} {ergonomic}
    uintx NonNMethodCodeHeapSize                   = 5839372                                {pd product} {ergonomic}
    uintx NonProfiledCodeHeapSize                  = 122909434                              {pd product} {ergonomic}
    uintx ProfiledCodeHeapSize                     = 122909434                              {pd product} {ergonomic}
    uintx ReservedCodeCacheSize                    = 251658240                              {pd product} {ergonomic}
     bool SegmentedCodeCache                       = true                                      {product} {ergonomic}
   size_t SoftMaxHeapSize                          = 1973420032                             {manageable} {ergonomic}
     bool UseCompressedOops                        = true                           {product lp64_product} {ergonomic}
     bool UseG1GC                                  = true                                      {product} {ergonomic}
     bool UseLargePagesIndividualAllocation        = false                                  {pd product} {ergonomic}

Logging:
Log output configuration:
 #0: stdout all=warning uptime,level,tags foldmultilines=false
 #1: stderr all=off uptime,level,tags foldmultilines=false

Environment Variables:
PATH=C:/Program Files/Git/mingw64/libexec/git-core;C:/Program Files/Git/mingw64/libexec/git-core;C:\Program Files\Git\mingw64\bin;C:\Program Files\Git\usr\bin;C:\Users\dipak\bin;C:\Python313\Scripts\;C:\Python313\;C:\Program Files\Common Files\Oracle\Java\javapath;C:\windows\system32;C:\windows;C:\windows\System32\Wbem;C:\windows\System32\WindowsPowerShell\v1.0\;C:\windows\System32\OpenSSH\;C:\Program Files (x86)\NVIDIA Corporation\PhysX\Common;C:\Program Files\NVIDIA Corporation\NVIDIA NvDLISR;C:\WINDOWS\system32;C:\WINDOWS;C:\WINDOWS\System32\Wbem;C:\WINDOWS\System32\WindowsPowerShell\v1.0\;C:\WINDOWS\System32\OpenSSH\;C:\Program Files\HP\HP One Agent;C:\Program Files\Java\jdk-24\bin;C:\Program Files\Microsoft SQL Server\150\Tools\Binn\;C:\Program Files\Microsoft SQL Server\Client SDK\ODBC\170\Tools\Binn\;C:\Program Files\dotnet\;C:\ProgramData\chocolatey\bin;C:\Program Files\Git\cmd;C:\Program Files\nodejs\;C:\Users\dipak\AppData\Local\Microsoft\WindowsApps;C:\Program Files\Java\jdk-24\bin;C:\Users\dipak\.dotnet\tools;C:\Users\dipak\AppData\Local\Programs\Microsoft VS Code\bin;C:\Users\dipak\AppData\Roaming\npm
USERNAME=dipak
DISPLAY=:0.0
LC_ALL=en_US.UTF-8
TERM=xterm-256color
TMPDIR=C:\Users\dipak\AppData\Local\Temp
OS=Windows_NT
PROCESSOR_IDENTIFIER=AMD64 Family 25 Model 80 Stepping 0, AuthenticAMD
TMP=C:\Users\dipak\AppData\Local\Temp
TEMP=C:\Users\dipak\AppData\Local\Temp




Periodic native trim disabled

JNI global refs:
JNI global refs: 0, weak refs: 0

JNI global refs memory usage: 0, weak refs: 0

Process memory usage:
Resident Set Size: 12760K (0% of 7702372K total physical memory with 791348K free physical memory)

OOME stack traces (most recent first):
Classloader memory used:

---------------  S Y S T E M  ---------------

OS:
 Windows 11 , 64 bit Build 26100 (10.0.26100.5074)
OS uptime: 3 days 2:36 hours
Hyper-V role detected

CPU: total 12 (initial active 12) (12 cores per cpu, 2 threads per core) family 25 model 80 stepping 0 microcode 0xa50000d, cx8, cmov, fxsr, ht, mmx, 3dnowpref, sse, sse2, sse3, ssse3, sse4a, sse4.1, sse4.2, popcnt, lzcnt, tsc, tscinvbit, avx, avx2, aes, erms, clmul, bmi1, bmi2, adx, sha, fma, vzeroupper, clflush, clflushopt, hv, rdtscp, rdpid, fsrm, f16c, cet_ss
Processor Information for processor 0
  Max Mhz: 3301, Current Mhz: 2630, Mhz Limit: 3301
Processor Information for processor 1
  Max Mhz: 3301, Current Mhz: 3301, Mhz Limit: 3301
Processor Information for processor 2
  Max Mhz: 3301, Current Mhz: 2630, Mhz Limit: 3301
Processor Information for processor 3
  Max Mhz: 3301, Current Mhz: 3301, Mhz Limit: 3301
Processor Information for processor 4
  Max Mhz: 3301, Current Mhz: 2630, Mhz Limit: 3301
Processor Information for processor 5
  Max Mhz: 3301, Current Mhz: 3301, Mhz Limit: 3301
Processor Information for processor 6
  Max Mhz: 3301, Current Mhz: 2630, Mhz Limit: 3301
Processor Information for processor 7
  Max Mhz: 3301, Current Mhz: 2630, Mhz Limit: 3301
Processor Information for processor 8
  Max Mhz: 3301, Current Mhz: 2630, Mhz Limit: 3301
Processor Information for processor 9
  Max Mhz: 3301, Current Mhz: 2630, Mhz Limit: 3301
Processor Information for processor 10
  Max Mhz: 3301, Current Mhz: 3301, Mhz Limit: 3301
Processor Information for processor 11
  Max Mhz: 3301, Current Mhz: 3301, Mhz Limit: 3301

Memory: 4k page, system-wide physical 7521M (772M free)
TotalPageFile size 11617M (AvailPageFile size 21M)
current process WorkingSet (physical memory assigned to process): 12M, peak: 12M
current process commit charge ("private bytes"): 58M, peak: 59M

vm_info: OpenJDK 64-Bit Server VM (21.0.8+1-b1038.68) for windows-amd64 JRE (21.0.8+1-b1038.68), built on 2025-07-24 by "builduser" with MS VC++ 16.10 / 16.11 (VS2019)

END.
